<?xml version="1.0" encoding="UTF-8"?>
<coverage generated="1698443346480" clover="3.2.0">
  <project timestamp="1698443346480" name="All files">
    <metrics statements="24" coveredstatements="23" conditionals="6" coveredconditionals="5" methods="7" coveredmethods="6" elements="37" coveredelements="34" complexity="0" loc="24" ncloc="24" packages="1" files="3" classes="3"/>
    <file name="Note.jsx" path="C:\CursosVSCode\Fullstackopen\practice\frontend\components\Note.jsx">
      <metrics statements="4" coveredstatements="4" conditionals="2" coveredconditionals="1" methods="1" coveredmethods="1"/>
      <line num="3" count="1" type="stmt"/>
      <line num="4" count="2" type="cond" truecount="1" falsecount="1"/>
      <line num="7" count="2" type="stmt"/>
      <line num="15" count="1" type="stmt"/>
    </file>
    <file name="NoteForm.jsx" path="C:\CursosVSCode\Fullstackopen\practice\frontend\components\NoteForm.jsx">
      <metrics statements="10" coveredstatements="10" conditionals="0" coveredconditionals="0" methods="3" coveredmethods="3"/>
      <line num="4" count="1" type="stmt"/>
      <line num="6" count="3" type="stmt"/>
      <line num="8" count="3" type="stmt"/>
      <line num="9" count="1" type="stmt"/>
      <line num="12" count="3" type="stmt"/>
      <line num="13" count="1" type="stmt"/>
      <line num="14" count="1" type="stmt"/>
      <line num="19" count="1" type="stmt"/>
      <line num="22" count="3" type="stmt"/>
      <line num="37" count="1" type="stmt"/>
    </file>
    <file name="Togglable.jsx" path="C:\CursosVSCode\Fullstackopen\practice\frontend\components\Togglable.jsx">
      <metrics statements="10" coveredstatements="9" conditionals="4" coveredconditionals="4" methods="3" coveredmethods="2"/>
      <line num="4" count="1" type="stmt"/>
      <line num="5" count="7" type="stmt"/>
      <line num="7" count="7" type="cond" truecount="2" falsecount="0"/>
      <line num="8" count="7" type="cond" truecount="2" falsecount="0"/>
      <line num="10" count="7" type="stmt"/>
      <line num="11" count="3" type="stmt"/>
      <line num="15" count="7" type="stmt"/>
      <line num="16" count="0" type="stmt"/>
      <line num="21" count="7" type="stmt"/>
      <line num="35" count="1" type="stmt"/>
    </file>
  </project>
</coverage>
